0 info it worked if it ends with ok
1 verbose cli [ 'C:\\Program Files (x86)\\nodejs\\\\node.exe',
1 verbose cli   'C:\\Program Files (x86)\\nodejs\\node_modules\\npm\\bin\\npm-cli.js',
1 verbose cli   'publish',
1 verbose cli   './readme.md' ]
2 info using npm@2.7.4
3 info using node@v0.12.2
4 verbose node symlink C:\Program Files (x86)\nodejs\\node.exe
5 verbose publish [ './readme.md' ]
6 silly cache add args [ './readme.md', null ]
7 verbose cache add spec ./readme.md
8 silly cache add parsed spec { raw: './readme.md',
8 silly cache add   scope: null,
8 silly cache add   name: null,
8 silly cache add   rawSpec: './readme.md',
8 silly cache add   spec: 'C:\\MyFolders\\MyWork\\CubesControlsWork\\GitHub\\node-picubes\\readme.md',
8 silly cache add   type: 'local' }
9 silly addLocalTarball shasum (computed) f84951d22fc9e3e7ba6c0259cb2c485caaccb2a6
10 verbose addTmpTarball C:\MyFolders\MyWork\CubesControlsWork\GitHub\node-picubes\readme.md not in flight; adding
11 verbose addTmpTarball validating metadata from C:\MyFolders\MyWork\CubesControlsWork\GitHub\node-picubes\readme.md
12 verbose tar unpack C:\MyFolders\MyWork\CubesControlsWork\GitHub\node-picubes\readme.md
13 verbose tar unpacking to C:\Users\dal\AppData\Local\Temp\npm-8108-3938ed1f\unpack-1feb2d471a3b
14 silly gentlyRm C:\Users\dal\AppData\Local\Temp\npm-8108-3938ed1f\unpack-1feb2d471a3b is being purged
15 verbose gentlyRm don't care about contents; nuking C:\Users\dal\AppData\Local\Temp\npm-8108-3938ed1f\unpack-1feb2d471a3b
16 silly gunzTarPerm modes [ '777', '666' ]
17 error not a package C:\MyFolders\MyWork\CubesControlsWork\GitHub\node-picubes\readme.md
18 error addLocal Could not install C:\MyFolders\MyWork\CubesControlsWork\GitHub\node-picubes\readme.md
19 verbose stack Error: ENOENT, open 'C:\Users\dal\AppData\Local\Temp\npm-8108-3938ed1f\unpack-1feb2d471a3b\package.json'
19 verbose stack     at Error (native)
20 verbose cwd C:\MyFolders\MyWork\CubesControlsWork\GitHub\node-picubes
21 error Windows_NT 6.3.9600
22 error argv "C:\\Program Files (x86)\\nodejs\\\\node.exe" "C:\\Program Files (x86)\\nodejs\\node_modules\\npm\\bin\\npm-cli.js" "publish" "./readme.md"
23 error node v0.12.2
24 error npm  v2.7.4
25 error path C:\Users\dal\AppData\Local\Temp\npm-8108-3938ed1f\unpack-1feb2d471a3b\package.json
26 error code ENOENT
27 error errno -4058
28 error enoent ENOENT, open 'C:\Users\dal\AppData\Local\Temp\npm-8108-3938ed1f\unpack-1feb2d471a3b\package.json'
28 error enoent This is most likely not a problem with npm itself
28 error enoent and is related to npm not being able to find a file.
29 verbose exit [ -4058, true ]
